<?xml version="1.0" encoding="UTF-8"?>
<testsuite xmlns:xsi="http://www.w3.org/2001/XMLSchema-instance" xsi:noNamespaceSchemaLocation="https://maven.apache.org/surefire/maven-surefire-plugin/xsd/surefire-test-report-3.0.xsd" version="3.0" name="com.example.identityreconciliation.IdentityReconciliationApplicationTests" time="4.03" tests="1" errors="0" skipped="0" failures="0">
  <properties>
[...]
</properties>
  <testcase name="contextLoads" classname="com.example.identityreconciliation.IdentityReconciliationApplicationTests" time="0.441">
    <system-out><![CDATA[19:05:16.671 [main] INFO org.springframework.test.context.support.AnnotationConfigContextLoaderUtils -- Could not detect default configuration classes for test class [com.example.identityreconciliation.IdentityReconciliationApplicationTests]: IdentityReconciliationApplicationTests does not declare any static, non-private, non-final, nested classes annotated with @Configuration.
19:05:16.751 [main] INFO org.springframework.boot.test.context.SpringBootTestContextBootstrapper -- Found @SpringBootConfiguration com.example.identityreconciliation.IdentityReconciliationApplication for test class com.example.identityreconciliation.IdentityReconciliationApplicationTests

  .   ____          _            __ _ _
 /\\ / ___'_ __ _ _(_)_ __  __ _ \ \ \ \
( ( )\___ | '_ | '_| | '_ \/ _` | \ \ \ \
 \\/  ___)| |_)| | | | | || (_| |  ) ) ) )
  '  |____| .__|_| |_|_| |_\__, | / / / /
 =========|_|==============|___/=/_/_/_/
 :: Spring Boot ::                (v3.1.2)

2023-08-20T19:05:17.094+05:30  INFO 36031 --- [           main] i.IdentityReconciliationApplicationTests : Starting IdentityReconciliationApplicationTests using Java 17.0.8 with PID 36031 (started by ohh in /home/ohh/WorkSpace_Combined/IntelliJ IDEA/Bitespeed/identity-reconciliation)
2023-08-20T19:05:17.096+05:30  INFO 36031 --- [           main] i.IdentityReconciliationApplicationTests : No active profile set, falling back to 1 default profile: "default"
2023-08-20T19:05:17.642+05:30  INFO 36031 --- [           main] .s.d.r.c.RepositoryConfigurationDelegate : Bootstrapping Spring Data JPA repositories in DEFAULT mode.
2023-08-20T19:05:17.686+05:30  INFO 36031 --- [           main] .s.d.r.c.RepositoryConfigurationDelegate : Finished Spring Data repository scanning in 38 ms. Found 1 JPA repository interfaces.
2023-08-20T19:05:18.052+05:30  INFO 36031 --- [           main] o.hibernate.jpa.internal.util.LogHelper  : HHH000204: Processing PersistenceUnitInfo [name: default]
2023-08-20T19:05:18.086+05:30  INFO 36031 --- [           main] org.hibernate.Version                    : HHH000412: Hibernate ORM core version 6.2.6.Final
2023-08-20T19:05:18.088+05:30  INFO 36031 --- [           main] org.hibernate.cfg.Environment            : HHH000406: Using bytecode reflection optimizer
2023-08-20T19:05:18.183+05:30  INFO 36031 --- [           main] o.h.b.i.BytecodeProviderInitiator        : HHH000021: Bytecode provider name : bytebuddy
2023-08-20T19:05:18.276+05:30  INFO 36031 --- [           main] o.s.o.j.p.SpringPersistenceUnitInfo      : No LoadTimeWeaver setup: ignoring JPA class transformer
2023-08-20T19:05:18.289+05:30  INFO 36031 --- [           main] com.zaxxer.hikari.HikariDataSource       : HikariPool-1 - Starting...
2023-08-20T19:05:18.589+05:30  INFO 36031 --- [           main] com.zaxxer.hikari.pool.HikariPool        : HikariPool-1 - Added connection com.mysql.cj.jdbc.ConnectionImpl@27df5806
2023-08-20T19:05:18.591+05:30  INFO 36031 --- [           main] com.zaxxer.hikari.HikariDataSource       : HikariPool-1 - Start completed.
2023-08-20T19:05:18.838+05:30  INFO 36031 --- [           main] o.h.b.i.BytecodeProviderInitiator        : HHH000021: Bytecode provider name : bytebuddy
2023-08-20T19:05:19.272+05:30  INFO 36031 --- [           main] o.h.e.t.j.p.i.JtaPlatformInitiator       : HHH000490: Using JtaPlatform implementation: [org.hibernate.engine.transaction.jta.platform.internal.NoJtaPlatform]
Hibernate: alter table contact modify column created_at  datetime(6)
Hibernate: alter table contact modify column deleted_at  datetime(6)
Hibernate: alter table contact modify column updated_at  datetime(6)
2023-08-20T19:05:19.382+05:30  INFO 36031 --- [           main] j.LocalContainerEntityManagerFactoryBean : Initialized JPA EntityManagerFactory for persistence unit 'default'
2023-08-20T19:05:19.767+05:30  WARN 36031 --- [           main] JpaBaseConfiguration$JpaWebConfiguration : spring.jpa.open-in-view is enabled by default. Therefore, database queries may be performed during view rendering. Explicitly configure spring.jpa.open-in-view to disable this warning
2023-08-20T19:05:20.100+05:30  INFO 36031 --- [           main] i.IdentityReconciliationApplicationTests : Started IdentityReconciliationApplicationTests in 3.238 seconds (process running for 4.066)
]]></system-out>
  </testcase>
</testsuite>